  Using 'git status' to determine working set for adaptive non-unity build (C:\Users\krisk\Unreal_Projects\Final-Year-Project).
  Creating makefile for PlayervsAIEditor (game project files are newer)
  Parsing headers for PlayervsAIEditor
    Running UnrealHeaderTool "C:\Users\krisk\Unreal_Projects\Final-Year-Project\PlayervsAI\PlayervsAI.uproject" "C:\Users\krisk\Unreal_Projects\Final-Year-Project\PlayervsAI\Intermediate\Build\Win64\PlayervsAIEditor\Development\PlayervsAIEditor.uhtmanifest" -LogCmds="loginit warning, logexit warning, logdatabase error" -Unattended -WarningsAsErrors -abslog="C:\Users\krisk\AppData\Local\UnrealBuildTool\Log_UHT.txt" -installed
  Reflection code generated for PlayervsAIEditor in 8.0364221 seconds
  Building PlayervsAIEditor...
  Using Visual Studio 2019 14.29.30142 toolchain (C:\Program Files (x86)\Microsoft Visual Studio\2019\Community\VC\Tools\MSVC\14.29.30133) and Windows 10.0.16299.0 SDK (C:\Program Files (x86)\Windows Kits\10).
  Building 17 actions with 16 processes...
    [1/17] Default.rc2
    [2/17] SharedPCH.Engine.ShadowErrors.cpp
    [3/17] PlayervsAI.cpp
    [4/17] FirstPersonShooterMode.cpp
    [5/17] PlayervsAI.init.gen.cpp
    [6/17] FirstPersonShooterMode.gen.cpp
    [7/17] GunProperties.gen.cpp
    [8/17] PlayervsAIHUD.cpp
    [9/17] PlayervsAIHUD.gen.cpp
    [10/17] PlayerClass.gen.cpp
    [11/17] PlayervsAIProjectile.cpp
    [12/17] PlayervsAIProjectile.gen.cpp
    [13/17] GunProperties.cpp
C:\Users\krisk\Unreal_Projects\Final-Year-Project\PlayervsAI\Source\PlayervsAI\GunProperties.cpp(13): warning C4996: 'USceneComponent::AttachTo': This function is deprecated, please use AttachToComponent instead. Please update your code to the new API before upgrading to the next release, otherwise your project will no longer compile.
    [14/17] PlayerClass.cpp
    [15/17] UE4Editor-PlayervsAI-0009.lib
       Creating library C:\Users\krisk\Unreal_Projects\Final-Year-Project\PlayervsAI\Intermediate\Build\Win64\UE4Editor\Development\PlayervsAI\UE4Editor-PlayervsAI-0009.lib and object C:\Users\krisk\Unreal_Projects\Final-Year-Project\PlayervsAI\Intermediate\Build\Win64\UE4Editor\Development\PlayervsAI\UE4Editor-PlayervsAI-0009.exp
    [16/17] UE4Editor-PlayervsAI-0009.dll
       Creating library C:\Users\krisk\Unreal_Projects\Final-Year-Project\PlayervsAI\Intermediate\Build\Win64\UE4Editor\Development\PlayervsAI\UE4Editor-PlayervsAI-0009.suppressed.lib and object C:\Users\krisk\Unreal_Projects\Final-Year-Project\PlayervsAI\Intermediate\Build\Win64\UE4Editor\Development\PlayervsAI\UE4Editor-PlayervsAI-0009.suppressed.exp
    [17/17] PlayervsAIEditor.target
  Total time in Parallel executor: 25.99 seconds
  Total execution time: 36.21 seconds
